Copyright 1986-2022 Xilinx, Inc. All Rights Reserved. Copyright 2022-2025 Advanced Micro Devices, Inc. All Rights Reserved.
---------------------------------------------------------------------------------------------------------------------------------------------------------------------------------------------------------------------
| Tool Version : Vivado v.2025.2 (win64) Build 6299465 Fri Nov 14 19:35:11 GMT 2025
| Date         : Wed Apr  8 13:00:13 2026
| Host         : PC-711 running 64-bit major release  (build 9200)
| Command      : report_timing_summary -max_paths 10 -routable_nets -report_unconstrained -file top_timing_summary_routed.rpt -pb top_timing_summary_routed.pb -rpx top_timing_summary_routed.rpx -warn_on_violation
| Design       : top
| Device       : 7a50ti-csg324
| Speed File   : -1L  PRODUCTION 1.23 2018-06-13
| Design State : Routed
---------------------------------------------------------------------------------------------------------------------------------------------------------------------------------------------------------------------

Timing Summary Report

------------------------------------------------------------------------------------------------
| Timer Settings
| --------------
------------------------------------------------------------------------------------------------

  Enable Multi Corner Analysis               :  Yes
  Enable Pessimism Removal                   :  Yes
  Pessimism Removal Resolution               :  Nearest Common Node
  Enable Input Delay Default Clock           :  No
  Enable Preset / Clear Arcs                 :  No
  Disable Flight Delays                      :  No
  Ignore I/O Paths                           :  No
  Timing Early Launch at Borrowing Latches   :  No
  Borrow Time for Max Delay Exceptions       :  Yes
  Merge Timing Exceptions                    :  Yes
  Inter-SLR Compensation                     :  Conservative

  Corner  Analyze    Analyze    
  Name    Max Paths  Min Paths  
  ------  ---------  ---------  
  Slow    Yes        Yes        
  Fast    Yes        Yes        


------------------------------------------------------------------------------------------------
| Report Methodology
| ------------------
------------------------------------------------------------------------------------------------

Rule       Severity          Description                  Violations  
---------  ----------------  ---------------------------  ----------  
TIMING-17  Critical Warning  Non-clocked sequential cell  303         

Note: This report is based on the most recent report_methodology run and may not be up-to-date. Run report_methodology on the current design for the latest report.



check_timing report

Table of Contents
-----------------
1. checking no_clock (303)
2. checking constant_clock (0)
3. checking pulse_width_clock (0)
4. checking unconstrained_internal_endpoints (686)
5. checking no_input_delay (6)
6. checking no_output_delay (6)
7. checking multiple_clock (0)
8. checking generated_clocks (0)
9. checking loops (0)
10. checking partial_input_delay (0)
11. checking partial_output_delay (0)
12. checking latch_loops (0)

1. checking no_clock (303)
--------------------------
 There are 303 register/latch pins with no clock driven by root clock pin: CLK100MHZ (HIGH)


2. checking constant_clock (0)
------------------------------
 There are 0 register/latch pins with constant_clock.


3. checking pulse_width_clock (0)
---------------------------------
 There are 0 register/latch pins which need pulse_width check


4. checking unconstrained_internal_endpoints (686)
--------------------------------------------------
 There are 686 pins that are not constrained for maximum delay. (HIGH)

 There are 0 pins that are not constrained for maximum delay due to constant clock.


5. checking no_input_delay (6)
------------------------------
 There are 6 input ports with no input delay specified. (HIGH)

 There are 0 input ports with no input delay but user has a false path constraint.


6. checking no_output_delay (6)
-------------------------------
 There are 6 ports with no output delay specified. (HIGH)

 There are 0 ports with no output delay but user has a false path constraint

 There are 0 ports with no output delay but with a timing clock defined on it or propagating through it


7. checking multiple_clock (0)
------------------------------
 There are 0 register/latch pins with multiple clocks.


8. checking generated_clocks (0)
--------------------------------
 There are 0 generated clocks that are not connected to a clock source.


9. checking loops (0)
---------------------
 There are 0 combinational loops in the design.


10. checking partial_input_delay (0)
------------------------------------
 There are 0 input ports with partial input delay specified.


11. checking partial_output_delay (0)
-------------------------------------
 There are 0 ports with partial output delay specified.


12. checking latch_loops (0)
----------------------------
 There are 0 combinational latch loops in the design through latch input



------------------------------------------------------------------------------------------------
| Design Timing Summary
| ---------------------
------------------------------------------------------------------------------------------------

    WNS(ns)      TNS(ns)  TNS Failing Endpoints  TNS Total Endpoints      WHS(ns)      THS(ns)  THS Failing Endpoints  THS Total Endpoints     WPWS(ns)     TPWS(ns)  TPWS Failing Endpoints  TPWS Total Endpoints  
    -------      -------  ---------------------  -------------------      -------      -------  ---------------------  -------------------     --------     --------  ----------------------  --------------------  
        inf        0.000                      0                  692          inf        0.000                      0                  692           NA           NA                      NA                    NA  


There are no user specified timing constraints.


------------------------------------------------------------------------------------------------
| Clock Summary
| -------------
------------------------------------------------------------------------------------------------


------------------------------------------------------------------------------------------------
| Intra Clock Table
| -----------------
------------------------------------------------------------------------------------------------

Clock             WNS(ns)      TNS(ns)  TNS Failing Endpoints  TNS Total Endpoints      WHS(ns)      THS(ns)  THS Failing Endpoints  THS Total Endpoints     WPWS(ns)     TPWS(ns)  TPWS Failing Endpoints  TPWS Total Endpoints  
-----             -------      -------  ---------------------  -------------------      -------      -------  ---------------------  -------------------     --------     --------  ----------------------  --------------------  


------------------------------------------------------------------------------------------------
| Inter Clock Table
| -----------------
------------------------------------------------------------------------------------------------

From Clock    To Clock          WNS(ns)      TNS(ns)  TNS Failing Endpoints  TNS Total Endpoints      WHS(ns)      THS(ns)  THS Failing Endpoints  THS Total Endpoints  
----------    --------          -------      -------  ---------------------  -------------------      -------      -------  ---------------------  -------------------  


------------------------------------------------------------------------------------------------
| Other Path Groups Table
| -----------------------
------------------------------------------------------------------------------------------------

Path Group    From Clock    To Clock          WNS(ns)      TNS(ns)  TNS Failing Endpoints  TNS Total Endpoints      WHS(ns)      THS(ns)  THS Failing Endpoints  THS Total Endpoints  
----------    ----------    --------          -------      -------  ---------------------  -------------------      -------      -------  ---------------------  -------------------  


------------------------------------------------------------------------------------------------
| User Ignored Path Table
| -----------------------
------------------------------------------------------------------------------------------------

Path Group    From Clock    To Clock    
----------    ----------    --------    


------------------------------------------------------------------------------------------------
| Unconstrained Path Table
| ------------------------
------------------------------------------------------------------------------------------------

Path Group    From Clock    To Clock    
----------    ----------    --------    
(none)                                    


------------------------------------------------------------------------------------------------
| Timing Details
| --------------
------------------------------------------------------------------------------------------------


--------------------------------------------------------------------------------------
Path Group:  (none)
From Clock:  
  To Clock:  

Max Delay           692 Endpoints
Min Delay           692 Endpoints
--------------------------------------------------------------------------------------


Max Delay Paths
--------------------------------------------------------------------------------------
Slack:                    inf
  Source:                 CPU_RESETN
                            (input port)
  Destination:            deb_u/sync0_reg/R
  Path Group:             (none)
  Path Type:              Max at Slow Process Corner
  Data Path Delay:        8.041ns  (logic 1.630ns (20.269%)  route 6.411ns (79.731%))
  Logic Levels:           2  (IBUF=1 LUT1=1)

    Location             Delay type                Incr(ns)  Path(ns)    Netlist Resource(s)
  -------------------------------------------------------------------    -------------------
    C12                                               0.000     0.000 f  CPU_RESETN (IN)
                         net (fo=0)                   0.000     0.000    CPU_RESETN
    C12                  IBUF (Prop_ibuf_I_O)         1.506     1.506 f  CPU_RESETN_IBUF_inst/O
                         net (fo=13, routed)          3.698     5.203    rgb16/CPU_RESETN_IBUF
    SLICE_X3Y29          LUT1 (Prop_lut1_I0_O)        0.124     5.327 r  rgb16/ce_i_1/O
                         net (fo=79, routed)          2.714     8.041    deb_u/SR[0]
    SLICE_X0Y41          FDRE                                         r  deb_u/sync0_reg/R
  -------------------------------------------------------------------    -------------------

Slack:                    inf
  Source:                 CPU_RESETN
                            (input port)
  Destination:            deb_u/sync1_reg/R
  Path Group:             (none)
  Path Type:              Max at Slow Process Corner
  Data Path Delay:        8.041ns  (logic 1.630ns (20.269%)  route 6.411ns (79.731%))
  Logic Levels:           2  (IBUF=1 LUT1=1)

    Location             Delay type                Incr(ns)  Path(ns)    Netlist Resource(s)
  -------------------------------------------------------------------    -------------------
    C12                                               0.000     0.000 f  CPU_RESETN (IN)
                         net (fo=0)                   0.000     0.000    CPU_RESETN
    C12                  IBUF (Prop_ibuf_I_O)         1.506     1.506 f  CPU_RESETN_IBUF_inst/O
                         net (fo=13, routed)          3.698     5.203    rgb16/CPU_RESETN_IBUF
    SLICE_X3Y29          LUT1 (Prop_lut1_I0_O)        0.124     5.327 r  rgb16/ce_i_1/O
                         net (fo=79, routed)          2.714     8.041    deb_u/SR[0]
    SLICE_X0Y41          FDRE                                         r  deb_u/sync1_reg/R
  -------------------------------------------------------------------    -------------------

Slack:                    inf
  Source:                 CPU_RESETN
                            (input port)
  Destination:            deb_u/debounced_reg/R
  Path Group:             (none)
  Path Type:              Max at Slow Process Corner
  Data Path Delay:        7.744ns  (logic 1.630ns (21.047%)  route 6.114ns (78.953%))
  Logic Levels:           2  (IBUF=1 LUT1=1)

    Location             Delay type                Incr(ns)  Path(ns)    Netlist Resource(s)
  -------------------------------------------------------------------    -------------------
    C12                                               0.000     0.000 f  CPU_RESETN (IN)
                         net (fo=0)                   0.000     0.000    CPU_RESETN
    C12                  IBUF (Prop_ibuf_I_O)         1.506     1.506 f  CPU_RESETN_IBUF_inst/O
                         net (fo=13, routed)          3.698     5.203    rgb16/CPU_RESETN_IBUF
    SLICE_X3Y29          LUT1 (Prop_lut1_I0_O)        0.124     5.327 r  rgb16/ce_i_1/O
                         net (fo=79, routed)          2.417     7.744    deb_u/SR[0]
    SLICE_X2Y40          FDRE                                         r  deb_u/debounced_reg/R
  -------------------------------------------------------------------    -------------------

Slack:                    inf
  Source:                 CPU_RESETN
                            (input port)
  Destination:            rgb16/pwm_cnt_reg[0]/R
  Path Group:             (none)
  Path Type:              Max at Slow Process Corner
  Data Path Delay:        7.610ns  (logic 1.630ns (21.418%)  route 5.980ns (78.582%))
  Logic Levels:           2  (IBUF=1 LUT1=1)

    Location             Delay type                Incr(ns)  Path(ns)    Netlist Resource(s)
  -------------------------------------------------------------------    -------------------
    C12                                               0.000     0.000 f  CPU_RESETN (IN)
                         net (fo=0)                   0.000     0.000    CPU_RESETN
    C12                  IBUF (Prop_ibuf_I_O)         1.506     1.506 f  CPU_RESETN_IBUF_inst/O
                         net (fo=13, routed)          3.698     5.203    rgb16/CPU_RESETN_IBUF
    SLICE_X3Y29          LUT1 (Prop_lut1_I0_O)        0.124     5.327 r  rgb16/ce_i_1/O
                         net (fo=79, routed)          2.282     7.610    rgb16/SR[0]
    SLICE_X9Y43          FDRE                                         r  rgb16/pwm_cnt_reg[0]/R
  -------------------------------------------------------------------    -------------------

Slack:                    inf
  Source:                 en17_reg/C
                            (rising edge-triggered cell FDSE)
  Destination:            LED17_R
                            (output port)
  Path Group:             (none)
  Path Type:              Max at Slow Process Corner
  Data Path Delay:        7.536ns  (logic 4.399ns (58.371%)  route 3.137ns (41.629%))
  Logic Levels:           3  (FDSE=1 LUT2=1 OBUF=1)

    Location             Delay type                Incr(ns)  Path(ns)    Netlist Resource(s)
  -------------------------------------------------------------------    -------------------
    SLICE_X6Y36          FDSE                         0.000     0.000 r  en17_reg/C
    SLICE_X6Y36          FDSE (Prop_fdse_C_Q)         0.518     0.518 r  en17_reg/Q
                         net (fo=4, routed)           1.023     1.541    rgb17/en17
    SLICE_X6Y41          LUT2 (Prop_lut2_I1_O)        0.146     1.687 r  rgb17/LED17_R_OBUF_inst_i_1/O
                         net (fo=1, routed)           2.114     3.801    LED17_R_OBUF
    N16                  OBUF (Prop_obuf_I_O)         3.735     7.536 r  LED17_R_OBUF_inst/O
                         net (fo=0)                   0.000     7.536    LED17_R
    N16                                                               r  LED17_R (OUT)
  -------------------------------------------------------------------    -------------------

Slack:                    inf
  Source:                 CPU_RESETN
                            (input port)
  Destination:            deb_u/shift_reg_reg[0]/R
  Path Group:             (none)
  Path Type:              Max at Slow Process Corner
  Data Path Delay:        7.471ns  (logic 1.630ns (21.815%)  route 5.841ns (78.185%))
  Logic Levels:           2  (IBUF=1 LUT1=1)

    Location             Delay type                Incr(ns)  Path(ns)    Netlist Resource(s)
  -------------------------------------------------------------------    -------------------
    C12                                               0.000     0.000 f  CPU_RESETN (IN)
                         net (fo=0)                   0.000     0.000    CPU_RESETN
    C12                  IBUF (Prop_ibuf_I_O)         1.506     1.506 f  CPU_RESETN_IBUF_inst/O
                         net (fo=13, routed)          3.698     5.203    rgb16/CPU_RESETN_IBUF
    SLICE_X3Y29          LUT1 (Prop_lut1_I0_O)        0.124     5.327 r  rgb16/ce_i_1/O
                         net (fo=79, routed)          2.144     7.471    deb_u/SR[0]
    SLICE_X0Y40          FDRE                                         r  deb_u/shift_reg_reg[0]/R
  -------------------------------------------------------------------    -------------------

Slack:                    inf
  Source:                 CPU_RESETN
                            (input port)
  Destination:            deb_u/shift_reg_reg[1]/R
  Path Group:             (none)
  Path Type:              Max at Slow Process Corner
  Data Path Delay:        7.471ns  (logic 1.630ns (21.815%)  route 5.841ns (78.185%))
  Logic Levels:           2  (IBUF=1 LUT1=1)

    Location             Delay type                Incr(ns)  Path(ns)    Netlist Resource(s)
  -------------------------------------------------------------------    -------------------
    C12                                               0.000     0.000 f  CPU_RESETN (IN)
                         net (fo=0)                   0.000     0.000    CPU_RESETN
    C12                  IBUF (Prop_ibuf_I_O)         1.506     1.506 f  CPU_RESETN_IBUF_inst/O
                         net (fo=13, routed)          3.698     5.203    rgb16/CPU_RESETN_IBUF
    SLICE_X3Y29          LUT1 (Prop_lut1_I0_O)        0.124     5.327 r  rgb16/ce_i_1/O
                         net (fo=79, routed)          2.144     7.471    deb_u/SR[0]
    SLICE_X0Y40          FDRE                                         r  deb_u/shift_reg_reg[1]/R
  -------------------------------------------------------------------    -------------------

Slack:                    inf
  Source:                 CPU_RESETN
                            (input port)
  Destination:            deb_u/shift_reg_reg[2]/R
  Path Group:             (none)
  Path Type:              Max at Slow Process Corner
  Data Path Delay:        7.471ns  (logic 1.630ns (21.815%)  route 5.841ns (78.185%))
  Logic Levels:           2  (IBUF=1 LUT1=1)

    Location             Delay type                Incr(ns)  Path(ns)    Netlist Resource(s)
  -------------------------------------------------------------------    -------------------
    C12                                               0.000     0.000 f  CPU_RESETN (IN)
                         net (fo=0)                   0.000     0.000    CPU_RESETN
    C12                  IBUF (Prop_ibuf_I_O)         1.506     1.506 f  CPU_RESETN_IBUF_inst/O
                         net (fo=13, routed)          3.698     5.203    rgb16/CPU_RESETN_IBUF
    SLICE_X3Y29          LUT1 (Prop_lut1_I0_O)        0.124     5.327 r  rgb16/ce_i_1/O
                         net (fo=79, routed)          2.144     7.471    deb_u/SR[0]
    SLICE_X0Y40          FDRE                                         r  deb_u/shift_reg_reg[2]/R
  -------------------------------------------------------------------    -------------------

Slack:                    inf
  Source:                 CPU_RESETN
                            (input port)
  Destination:            deb_u/shift_reg_reg[3]/R
  Path Group:             (none)
  Path Type:              Max at Slow Process Corner
  Data Path Delay:        7.471ns  (logic 1.630ns (21.815%)  route 5.841ns (78.185%))
  Logic Levels:           2  (IBUF=1 LUT1=1)

    Location             Delay type                Incr(ns)  Path(ns)    Netlist Resource(s)
  -------------------------------------------------------------------    -------------------
    C12                                               0.000     0.000 f  CPU_RESETN (IN)
                         net (fo=0)                   0.000     0.000    CPU_RESETN
    C12                  IBUF (Prop_ibuf_I_O)         1.506     1.506 f  CPU_RESETN_IBUF_inst/O
                         net (fo=13, routed)          3.698     5.203    rgb16/CPU_RESETN_IBUF
    SLICE_X3Y29          LUT1 (Prop_lut1_I0_O)        0.124     5.327 r  rgb16/ce_i_1/O
                         net (fo=79, routed)          2.144     7.471    deb_u/SR[0]
    SLICE_X0Y40          FDRE                                         r  deb_u/shift_reg_reg[3]/R
  -------------------------------------------------------------------    -------------------

Slack:                    inf
  Source:                 CPU_RESETN
                            (input port)
  Destination:            rgb16/pwm_cnt_reg[1]/R
  Path Group:             (none)
  Path Type:              Max at Slow Process Corner
  Data Path Delay:        7.425ns  (logic 1.630ns (21.951%)  route 5.795ns (78.049%))
  Logic Levels:           2  (IBUF=1 LUT1=1)

    Location             Delay type                Incr(ns)  Path(ns)    Netlist Resource(s)
  -------------------------------------------------------------------    -------------------
    C12                                               0.000     0.000 f  CPU_RESETN (IN)
                         net (fo=0)                   0.000     0.000    CPU_RESETN
    C12                  IBUF (Prop_ibuf_I_O)         1.506     1.506 f  CPU_RESETN_IBUF_inst/O
                         net (fo=13, routed)          3.698     5.203    rgb16/CPU_RESETN_IBUF
    SLICE_X3Y29          LUT1 (Prop_lut1_I0_O)        0.124     5.327 r  rgb16/ce_i_1/O
                         net (fo=79, routed)          2.098     7.425    rgb16/SR[0]
    SLICE_X7Y39          FDRE                                         r  rgb16/pwm_cnt_reg[1]/R
  -------------------------------------------------------------------    -------------------





Min Delay Paths
--------------------------------------------------------------------------------------
Slack:                    inf
  Source:                 deb_r/sync1_reg/C
                            (rising edge-triggered cell FDRE)
  Destination:            deb_r/shift_reg_reg[0]/D
  Path Group:             (none)
  Path Type:              Min at Fast Process Corner
  Data Path Delay:        0.240ns  (logic 0.141ns (58.691%)  route 0.099ns (41.309%))
  Logic Levels:           1  (FDRE=1)

    Location             Delay type                Incr(ns)  Path(ns)    Netlist Resource(s)
  -------------------------------------------------------------------    -------------------
    SLICE_X1Y30          FDRE                         0.000     0.000 r  deb_r/sync1_reg/C
    SLICE_X1Y30          FDRE (Prop_fdre_C_Q)         0.141     0.141 r  deb_r/sync1_reg/Q
                         net (fo=1, routed)           0.099     0.240    deb_r/sync1_reg_n_0
    SLICE_X3Y31          FDRE                                         r  deb_r/shift_reg_reg[0]/D
  -------------------------------------------------------------------    -------------------

Slack:                    inf
  Source:                 deb_d/sync1_reg/C
                            (rising edge-triggered cell FDRE)
  Destination:            deb_d/shift_reg_reg[0]/D
  Path Group:             (none)
  Path Type:              Min at Fast Process Corner
  Data Path Delay:        0.253ns  (logic 0.141ns (55.730%)  route 0.112ns (44.270%))
  Logic Levels:           1  (FDRE=1)

    Location             Delay type                Incr(ns)  Path(ns)    Netlist Resource(s)
  -------------------------------------------------------------------    -------------------
    SLICE_X1Y34          FDRE                         0.000     0.000 r  deb_d/sync1_reg/C
    SLICE_X1Y34          FDRE (Prop_fdre_C_Q)         0.141     0.141 r  deb_d/sync1_reg/Q
                         net (fo=1, routed)           0.112     0.253    deb_d/sync1_reg_n_0
    SLICE_X1Y35          FDRE                                         r  deb_d/shift_reg_reg[0]/D
  -------------------------------------------------------------------    -------------------

Slack:                    inf
  Source:                 deb_l/sync1_reg/C
                            (rising edge-triggered cell FDRE)
  Destination:            deb_l/shift_reg_reg[0]/D
  Path Group:             (none)
  Path Type:              Min at Fast Process Corner
  Data Path Delay:        0.257ns  (logic 0.141ns (54.812%)  route 0.116ns (45.188%))
  Logic Levels:           1  (FDRE=1)

    Location             Delay type                Incr(ns)  Path(ns)    Netlist Resource(s)
  -------------------------------------------------------------------    -------------------
    SLICE_X3Y27          FDRE                         0.000     0.000 r  deb_l/sync1_reg/C
    SLICE_X3Y27          FDRE (Prop_fdre_C_Q)         0.141     0.141 r  deb_l/sync1_reg/Q
                         net (fo=1, routed)           0.116     0.257    deb_l/sync1_reg_n_0
    SLICE_X7Y27          FDRE                                         r  deb_l/shift_reg_reg[0]/D
  -------------------------------------------------------------------    -------------------

Slack:                    inf
  Source:                 rgb16/tick_reg/C
                            (rising edge-triggered cell FDRE)
  Destination:            rgb16/color_cnt_reg[1]/CE
  Path Group:             (none)
  Path Type:              Min at Fast Process Corner
  Data Path Delay:        0.261ns  (logic 0.141ns (54.037%)  route 0.120ns (45.963%))
  Logic Levels:           1  (FDRE=1)

    Location             Delay type                Incr(ns)  Path(ns)    Netlist Resource(s)
  -------------------------------------------------------------------    -------------------
    SLICE_X1Y37          FDRE                         0.000     0.000 r  rgb16/tick_reg/C
    SLICE_X1Y37          FDRE (Prop_fdre_C_Q)         0.141     0.141 r  rgb16/tick_reg/Q
                         net (fo=10, routed)          0.120     0.261    rgb16/tick
    SLICE_X1Y38          FDRE                                         r  rgb16/color_cnt_reg[1]/CE
  -------------------------------------------------------------------    -------------------

Slack:                    inf
  Source:                 rgb16/tick_reg/C
                            (rising edge-triggered cell FDRE)
  Destination:            rgb16/color_cnt_reg[2]/CE
  Path Group:             (none)
  Path Type:              Min at Fast Process Corner
  Data Path Delay:        0.261ns  (logic 0.141ns (54.037%)  route 0.120ns (45.963%))
  Logic Levels:           1  (FDRE=1)

    Location             Delay type                Incr(ns)  Path(ns)    Netlist Resource(s)
  -------------------------------------------------------------------    -------------------
    SLICE_X1Y37          FDRE                         0.000     0.000 r  rgb16/tick_reg/C
    SLICE_X1Y37          FDRE (Prop_fdre_C_Q)         0.141     0.141 r  rgb16/tick_reg/Q
                         net (fo=10, routed)          0.120     0.261    rgb16/tick
    SLICE_X1Y38          FDRE                                         r  rgb16/color_cnt_reg[2]/CE
  -------------------------------------------------------------------    -------------------

Slack:                    inf
  Source:                 rgb16/tick_reg/C
                            (rising edge-triggered cell FDRE)
  Destination:            rgb16/color_cnt_reg[3]/CE
  Path Group:             (none)
  Path Type:              Min at Fast Process Corner
  Data Path Delay:        0.261ns  (logic 0.141ns (54.037%)  route 0.120ns (45.963%))
  Logic Levels:           1  (FDRE=1)

    Location             Delay type                Incr(ns)  Path(ns)    Netlist Resource(s)
  -------------------------------------------------------------------    -------------------
    SLICE_X1Y37          FDRE                         0.000     0.000 r  rgb16/tick_reg/C
    SLICE_X1Y37          FDRE (Prop_fdre_C_Q)         0.141     0.141 r  rgb16/tick_reg/Q
                         net (fo=10, routed)          0.120     0.261    rgb16/tick
    SLICE_X1Y38          FDRE                                         r  rgb16/color_cnt_reg[3]/CE
  -------------------------------------------------------------------    -------------------

Slack:                    inf
  Source:                 rgb16/tick_reg/C
                            (rising edge-triggered cell FDRE)
  Destination:            rgb16/color_cnt_reg[4]/CE
  Path Group:             (none)
  Path Type:              Min at Fast Process Corner
  Data Path Delay:        0.261ns  (logic 0.141ns (54.037%)  route 0.120ns (45.963%))
  Logic Levels:           1  (FDRE=1)

    Location             Delay type                Incr(ns)  Path(ns)    Netlist Resource(s)
  -------------------------------------------------------------------    -------------------
    SLICE_X1Y37          FDRE                         0.000     0.000 r  rgb16/tick_reg/C
    SLICE_X1Y37          FDRE (Prop_fdre_C_Q)         0.141     0.141 r  rgb16/tick_reg/Q
                         net (fo=10, routed)          0.120     0.261    rgb16/tick
    SLICE_X1Y38          FDRE                                         r  rgb16/color_cnt_reg[4]/CE
  -------------------------------------------------------------------    -------------------

Slack:                    inf
  Source:                 rgb16/tick_reg/C
                            (rising edge-triggered cell FDRE)
  Destination:            rgb16/color_cnt_reg[5]/CE
  Path Group:             (none)
  Path Type:              Min at Fast Process Corner
  Data Path Delay:        0.261ns  (logic 0.141ns (54.037%)  route 0.120ns (45.963%))
  Logic Levels:           1  (FDRE=1)

    Location             Delay type                Incr(ns)  Path(ns)    Netlist Resource(s)
  -------------------------------------------------------------------    -------------------
    SLICE_X1Y37          FDRE                         0.000     0.000 r  rgb16/tick_reg/C
    SLICE_X1Y37          FDRE (Prop_fdre_C_Q)         0.141     0.141 r  rgb16/tick_reg/Q
                         net (fo=10, routed)          0.120     0.261    rgb16/tick
    SLICE_X1Y38          FDRE                                         r  rgb16/color_cnt_reg[5]/CE
  -------------------------------------------------------------------    -------------------

Slack:                    inf
  Source:                 deb_r/clock_0/cnt_reg[14]/C
                            (rising edge-triggered cell FDRE)
  Destination:            deb_r/clock_0/ce_reg/D
  Path Group:             (none)
  Path Type:              Min at Fast Process Corner
  Data Path Delay:        0.262ns  (logic 0.186ns (71.004%)  route 0.076ns (28.996%))
  Logic Levels:           2  (FDRE=1 LUT6=1)

    Location             Delay type                Incr(ns)  Path(ns)    Netlist Resource(s)
  -------------------------------------------------------------------    -------------------
    SLICE_X4Y30          FDRE                         0.000     0.000 r  deb_r/clock_0/cnt_reg[14]/C
    SLICE_X4Y30          FDRE (Prop_fdre_C_Q)         0.141     0.141 f  deb_r/clock_0/cnt_reg[14]/Q
                         net (fo=3, routed)           0.076     0.217    deb_r/clock_0/cnt_reg[14]
    SLICE_X5Y30          LUT6 (Prop_lut6_I3_O)        0.045     0.262 r  deb_r/clock_0/ce_i_1__3/O
                         net (fo=1, routed)           0.000     0.262    deb_r/clock_0/ce
    SLICE_X5Y30          FDRE                                         r  deb_r/clock_0/ce_reg/D
  -------------------------------------------------------------------    -------------------

Slack:                    inf
  Source:                 deb_l/shift_reg_reg[0]/C
                            (rising edge-triggered cell FDRE)
  Destination:            deb_l/shift_reg_reg[1]/D
  Path Group:             (none)
  Path Type:              Min at Fast Process Corner
  Data Path Delay:        0.263ns  (logic 0.141ns (53.626%)  route 0.122ns (46.374%))
  Logic Levels:           1  (FDRE=1)

    Location             Delay type                Incr(ns)  Path(ns)    Netlist Resource(s)
  -------------------------------------------------------------------    -------------------
    SLICE_X7Y27          FDRE                         0.000     0.000 r  deb_l/shift_reg_reg[0]/C
    SLICE_X7Y27          FDRE (Prop_fdre_C_Q)         0.141     0.141 r  deb_l/shift_reg_reg[0]/Q
                         net (fo=2, routed)           0.122     0.263    deb_l/shift_reg[0]
    SLICE_X7Y28          FDRE                                         r  deb_l/shift_reg_reg[1]/D
  -------------------------------------------------------------------    -------------------





