Copyright 1986-2022 Xilinx, Inc. All Rights Reserved. Copyright 2022-2025 Advanced Micro Devices, Inc. All Rights Reserved.
---------------------------------------------------------------------------------------------------------------------------------------------
| Tool Version : Vivado v.2025.2 (win64) Build 6299465 Fri Nov 14 19:35:11 GMT 2025
| Date         : Wed Apr  8 12:59:59 2026
| Host         : PC-711 running 64-bit major release  (build 9200)
| Command      : report_control_sets -verbose -file top_control_sets_placed.rpt
| Design       : top
| Device       : xc7a50ti
---------------------------------------------------------------------------------------------------------------------------------------------

Control Set Information

Table of Contents
-----------------
1. Summary
2. Histogram
3. Flip-Flop Distribution
4. Detailed Control Set Information

1. Summary
----------

+----------------------------------------------------------+-------+
|                          Status                          | Count |
+----------------------------------------------------------+-------+
| Total control sets                                       |    19 |
|    Minimum number of control sets                        |    19 |
|    Addition due to synthesis replication                 |     0 |
|    Addition due to physical synthesis replication        |     0 |
| Unused register locations in slices containing registers |    73 |
+----------------------------------------------------------+-------+
* Control sets can be merged at opt_design using control_set_merge or merge_equivalent_drivers
** Run report_qor_suggestions for automated merging and remapping suggestions


2. Histogram
------------

+--------------------+-------+
|       Fanout       | Count |
+--------------------+-------+
| Total control sets |    19 |
| >= 0 to < 4        |     0 |
| >= 4 to < 6        |     5 |
| >= 6 to < 8        |     0 |
| >= 8 to < 10       |     3 |
| >= 10 to < 12      |     1 |
| >= 12 to < 14      |     0 |
| >= 14 to < 16      |     0 |
| >= 16              |    10 |
+--------------------+-------+
* Control sets can be remapped at either synth_design or opt_design


3. Flip-Flop Distribution
-------------------------

+--------------+-----------------------+------------------------+-----------------+--------------+
| Clock Enable | Synchronous Set/Reset | Asynchronous Set/Reset | Total Registers | Total Slices |
+--------------+-----------------------+------------------------+-----------------+--------------+
| No           | No                    | No                     |               8 |            8 |
| No           | No                    | Yes                    |               0 |            0 |
| No           | Yes                   | No                     |             207 |           76 |
| Yes          | No                    | No                     |               0 |            0 |
| Yes          | No                    | Yes                    |               0 |            0 |
| Yes          | Yes                   | No                     |              88 |           28 |
+--------------+-----------------------+------------------------+-----------------+--------------+


4. Detailed Control Set Information
-----------------------------------

+----------------------+--------------------+---------------------------------+------------------+----------------+--------------+
|     Clock Signal     |    Enable Signal   |         Set/Reset Signal        | Slice Load Count | Bel Load Count | Bels / Slice |
+----------------------+--------------------+---------------------------------+------------------+----------------+--------------+
|  CLK100MHZ_IBUF_BUFG | deb_d/clock_0/E[0] | rgb16/SR[0]                     |                1 |              4 |         4.00 |
|  CLK100MHZ_IBUF_BUFG | deb_l/clock_0/E[0] | rgb16/SR[0]                     |                3 |              4 |         1.33 |
|  CLK100MHZ_IBUF_BUFG | deb_r/clock_0/E[0] | rgb16/SR[0]                     |                2 |              4 |         2.00 |
|  CLK100MHZ_IBUF_BUFG | deb_u/clock_0/E[0] | rgb16/SR[0]                     |                1 |              4 |         4.00 |
|  CLK100MHZ_IBUF_BUFG | deb_c/clock_0/E[0] | rgb16/SR[0]                     |                2 |              4 |         2.00 |
|  CLK100MHZ_IBUF_BUFG |                    |                                 |                8 |              8 |         1.00 |
|  CLK100MHZ_IBUF_BUFG | rgb17/tick         | rgb16/SR[0]                     |                3 |              8 |         2.67 |
|  CLK100MHZ_IBUF_BUFG | rgb16/tick         | rgb16/SR[0]                     |                2 |              8 |         4.00 |
|  CLK100MHZ_IBUF_BUFG |                    | deb_c/delayed_reg_0             |                6 |             10 |         1.67 |
|  CLK100MHZ_IBUF_BUFG |                    | deb_d/clock_0/cnt[0]_i_1__1_n_0 |                5 |             18 |         3.60 |
|  CLK100MHZ_IBUF_BUFG |                    | deb_l/clock_0/cnt[0]_i_1__2_n_0 |                5 |             18 |         3.60 |
|  CLK100MHZ_IBUF_BUFG |                    | deb_r/clock_0/cnt[0]_i_1__3_n_0 |                5 |             18 |         3.60 |
|  CLK100MHZ_IBUF_BUFG |                    | deb_u/clock_0/cnt[0]_i_1__0_n_0 |                5 |             18 |         3.60 |
|  CLK100MHZ_IBUF_BUFG |                    | deb_c/clock_0/cnt[0]_i_1_n_0    |                5 |             18 |         3.60 |
|  CLK100MHZ_IBUF_BUFG | deb_l/long_cnt0    | deb_l/long_cnt[0]_i_1_n_0       |                7 |             26 |         3.71 |
|  CLK100MHZ_IBUF_BUFG | deb_r/long_cnt0    | deb_r/long_cnt[0]_i_1__0_n_0    |                7 |             26 |         3.71 |
|  CLK100MHZ_IBUF_BUFG |                    | rgb17/tick_cnt[0]_i_1__0_n_0    |                8 |             32 |         4.00 |
|  CLK100MHZ_IBUF_BUFG |                    | rgb16/tick_cnt[0]_i_1_n_0       |                8 |             32 |         4.00 |
|  CLK100MHZ_IBUF_BUFG |                    | rgb16/SR[0]                     |               29 |             43 |         1.48 |
+----------------------+--------------------+---------------------------------+------------------+----------------+--------------+


